2018-10-31 20:20:57,379 [main] INFO  org.javarosa.xform.parse.XFormParser - Reading XML and parsing with kXML2 finished in 42.103 ms
2018-10-31 20:20:57,397 [main] INFO  org.javarosa.xform.parse.XFormParser - Consolidating text finished in 13.593 ms
2018-10-31 20:20:57,397 [main] INFO  org.javarosa.xform.parse.XFormParser - Parsing form...
2018-10-31 20:20:57,398 [main] INFO  org.javarosa.xform.parse.XFormParser - Title: "censoPeic"
2018-10-31 20:20:57,466 [main] WARN  org.javarosa.xform.parse.XFormParser - XForm Parse Warning: Warning: 1 Unrecognized attributes found in Element [input] and will be ignored: [accuracyThreshold] 
    Problem found at nodeset: /html/body[@class=pages]/input
    With element <input accuracyThreshold="4" ref="/censoPeic/tree_gps"><label>

2018-10-31 20:20:57,529 [main] INFO  org.javarosa.xform.parse.XFormParser - Creating FormDef from parsed XML finished in 132.198 ms
2018-10-31 20:20:57,554 [main] INFO  org.javarosa.xform.parse.XFormParser - Reading XML and parsing with kXML2 finished in 9.476 ms
2018-10-31 20:20:57,559 [main] INFO  org.javarosa.xform.parse.XFormParser - Consolidating text finished in 4.773 ms
2018-10-31 20:20:57,559 [main] INFO  org.javarosa.xform.parse.XFormParser - Parsing form...
2018-10-31 20:20:57,560 [main] INFO  org.javarosa.xform.parse.XFormParser - Title: "censoPeic"
2018-10-31 20:20:57,581 [main] WARN  org.javarosa.xform.parse.XFormParser - XForm Parse Warning: Warning: 1 Unrecognized attributes found in Element [input] and will be ignored: [accuracyThreshold] 
    Problem found at nodeset: /html/body[@class=pages]/input
    With element <input accuracyThreshold="4" ref="/censoPeic/tree_gps"><label>

2018-10-31 20:20:57,607 [main] INFO  org.javarosa.xform.parse.XFormParser - Creating FormDef from parsed XML finished in 47.188 ms
2018-10-31 20:20:57,615 [main] INFO  org.javarosa.xform.parse.XFormParser - Reading XML and parsing with kXML2 finished in 5.414 ms
2018-10-31 20:20:57,619 [main] INFO  org.javarosa.xform.parse.XFormParser - Consolidating text finished in 3.873 ms
2018-10-31 20:20:57,620 [main] INFO  org.javarosa.xform.parse.XFormParser - Parsing form...
2018-10-31 20:20:57,620 [main] INFO  org.javarosa.xform.parse.XFormParser - Title: "censoPeic"
2018-10-31 20:20:57,639 [main] WARN  org.javarosa.xform.parse.XFormParser - XForm Parse Warning: Warning: 1 Unrecognized attributes found in Element [input] and will be ignored: [accuracyThreshold] 
    Problem found at nodeset: /html/body[@class=pages]/input
    With element <input accuracyThreshold="4" ref="/censoPeic/tree_gps"><label>

2018-10-31 20:20:57,656 [main] INFO  org.javarosa.xform.parse.XFormParser - Creating FormDef from parsed XML finished in 35.660 ms
2018-10-31 20:20:57,659 [main] INFO  org.javarosa.xform.parse.XFormParser - Reading XML and parsing with kXML2 finished in 3.228 ms
2018-10-31 20:20:57,662 [main] INFO  org.javarosa.xform.parse.XFormParser - Consolidating text finished in 2.600 ms
2018-10-31 20:20:57,663 [main] INFO  org.javarosa.xform.parse.XFormParser - Parsing form...
2018-10-31 20:20:57,663 [main] INFO  org.javarosa.xform.parse.XFormParser - Title: "censoPeic"
2018-10-31 20:20:57,680 [main] WARN  org.javarosa.xform.parse.XFormParser - XForm Parse Warning: Warning: 1 Unrecognized attributes found in Element [input] and will be ignored: [accuracyThreshold] 
    Problem found at nodeset: /html/body[@class=pages]/input
    With element <input accuracyThreshold="4" ref="/censoPeic/tree_gps"><label>

2018-10-31 20:20:57,696 [main] INFO  org.javarosa.xform.parse.XFormParser - Creating FormDef from parsed XML finished in 33.066 ms
2018-10-31 20:21:01,478 [main] ERROR org.opendatakit.briefcase.Launcher - Error
org.opendatakit.briefcase.operations.FormNotFoundException: Form with formId Peic2018 not found
	at org.opendatakit.briefcase.operations.Export.lambda$export$4(Export.java:90)
	at java.base/java.util.Optional.orElseThrow(Unknown Source)
	at org.opendatakit.briefcase.operations.Export.export(Export.java:90)
	at org.opendatakit.briefcase.operations.Export.lambda$static$2(Export.java:65)
	at org.opendatakit.common.cli.Cli.lambda$run$4(Cli.java:130)
	at java.base/java.lang.Iterable.forEach(Unknown Source)
	at org.opendatakit.common.cli.Cli.run(Cli.java:127)
	at org.opendatakit.briefcase.Launcher.main(Launcher.java:79)
	at java.base/jdk.internal.reflect.NativeMethodAccessorImpl.invoke0(Native Method)
	at java.base/jdk.internal.reflect.NativeMethodAccessorImpl.invoke(Unknown Source)
	at java.base/jdk.internal.reflect.DelegatingMethodAccessorImpl.invoke(Unknown Source)
	at java.base/java.lang.reflect.Method.invoke(Unknown Source)
	at org.eclipse.jdt.internal.jarinjarloader.JarRsrcLoader.main(JarRsrcLoader.java:58)
2018-10-31 20:21:02,575 [Thread-1] WARN  io.sentry.connection.AsyncConnection - Graceful shutdown took too much time, forcing the shutdown.
2018-10-31 20:21:02,576 [Thread-1] WARN  io.sentry.connection.AsyncConnection - 0 tasks failed to execute before shutdown.
2018-10-31 20:21:31,751 [main] INFO  org.javarosa.xform.parse.XFormParser - Reading XML and parsing with kXML2 finished in 29.610 ms
2018-10-31 20:21:31,782 [main] INFO  org.javarosa.xform.parse.XFormParser - Consolidating text finished in 13.760 ms
2018-10-31 20:21:31,782 [main] INFO  org.javarosa.xform.parse.XFormParser - Parsing form...
2018-10-31 20:21:31,783 [main] INFO  org.javarosa.xform.parse.XFormParser - Title: "censoPeic"
2018-10-31 20:21:31,850 [main] WARN  org.javarosa.xform.parse.XFormParser - XForm Parse Warning: Warning: 1 Unrecognized attributes found in Element [input] and will be ignored: [accuracyThreshold] 
    Problem found at nodeset: /html/body[@class=pages]/input
    With element <input accuracyThreshold="4" ref="/censoPeic/tree_gps"><label>

2018-10-31 20:21:31,907 [main] INFO  org.javarosa.xform.parse.XFormParser - Creating FormDef from parsed XML finished in 124.216 ms
2018-10-31 20:21:31,930 [main] INFO  org.javarosa.xform.parse.XFormParser - Reading XML and parsing with kXML2 finished in 7.527 ms
2018-10-31 20:21:31,936 [main] INFO  org.javarosa.xform.parse.XFormParser - Consolidating text finished in 5.519 ms
2018-10-31 20:21:31,937 [main] INFO  org.javarosa.xform.parse.XFormParser - Parsing form...
2018-10-31 20:21:31,937 [main] INFO  org.javarosa.xform.parse.XFormParser - Title: "censoPeic"
2018-10-31 20:21:31,960 [main] WARN  org.javarosa.xform.parse.XFormParser - XForm Parse Warning: Warning: 1 Unrecognized attributes found in Element [input] and will be ignored: [accuracyThreshold] 
    Problem found at nodeset: /html/body[@class=pages]/input
    With element <input accuracyThreshold="4" ref="/censoPeic/tree_gps"><label>

2018-10-31 20:21:31,986 [main] INFO  org.javarosa.xform.parse.XFormParser - Creating FormDef from parsed XML finished in 49.140 ms
2018-10-31 20:21:31,994 [main] INFO  org.javarosa.xform.parse.XFormParser - Reading XML and parsing with kXML2 finished in 4.598 ms
2018-10-31 20:21:31,999 [main] INFO  org.javarosa.xform.parse.XFormParser - Consolidating text finished in 4.760 ms
2018-10-31 20:21:31,999 [main] INFO  org.javarosa.xform.parse.XFormParser - Parsing form...
2018-10-31 20:21:31,999 [main] INFO  org.javarosa.xform.parse.XFormParser - Title: "censoPeic"
2018-10-31 20:21:32,020 [main] WARN  org.javarosa.xform.parse.XFormParser - XForm Parse Warning: Warning: 1 Unrecognized attributes found in Element [input] and will be ignored: [accuracyThreshold] 
    Problem found at nodeset: /html/body[@class=pages]/input
    With element <input accuracyThreshold="4" ref="/censoPeic/tree_gps"><label>

2018-10-31 20:21:32,038 [main] INFO  org.javarosa.xform.parse.XFormParser - Creating FormDef from parsed XML finished in 38.372 ms
2018-10-31 20:21:32,044 [main] INFO  org.javarosa.xform.parse.XFormParser - Reading XML and parsing with kXML2 finished in 5.582 ms
2018-10-31 20:21:32,049 [main] INFO  org.javarosa.xform.parse.XFormParser - Consolidating text finished in 4.368 ms
2018-10-31 20:21:32,049 [main] INFO  org.javarosa.xform.parse.XFormParser - Parsing form...
2018-10-31 20:21:32,049 [main] INFO  org.javarosa.xform.parse.XFormParser - Title: "censoPeic"
2018-10-31 20:21:32,067 [main] WARN  org.javarosa.xform.parse.XFormParser - XForm Parse Warning: Warning: 1 Unrecognized attributes found in Element [input] and will be ignored: [accuracyThreshold] 
    Problem found at nodeset: /html/body[@class=pages]/input
    With element <input accuracyThreshold="4" ref="/censoPeic/tree_gps"><label>

2018-10-31 20:21:32,084 [main] INFO  org.javarosa.xform.parse.XFormParser - Creating FormDef from parsed XML finished in 35.171 ms
2018-10-31 20:21:35,754 [main] INFO  org.javarosa.xform.parse.XFormParser - Reading XML and parsing with kXML2 finished in 29.905 ms
2018-10-31 20:21:35,770 [main] INFO  org.javarosa.xform.parse.XFormParser - Consolidating text finished in 12.908 ms
2018-10-31 20:21:35,770 [main] INFO  org.javarosa.xform.parse.XFormParser - Parsing form...
2018-10-31 20:21:35,771 [main] INFO  org.javarosa.xform.parse.XFormParser - Title: "censoPeic"
2018-10-31 20:21:35,832 [main] WARN  org.javarosa.xform.parse.XFormParser - XForm Parse Warning: Warning: 1 Unrecognized attributes found in Element [input] and will be ignored: [accuracyThreshold] 
    Problem found at nodeset: /html/body[@class=pages]/input
    With element <input accuracyThreshold="4" ref="/censoPeic/tree_gps"><label>

2018-10-31 20:21:35,889 [main] INFO  org.javarosa.xform.parse.XFormParser - Creating FormDef from parsed XML finished in 118.999 ms
2018-10-31 20:21:35,908 [AWT-EventQueue-0] INFO  o.o.briefcase.operations.Export - Export has started
2018-10-31 20:21:39,945 [main] INFO  o.o.b.export.ExportProcessTracker - Exported in 00:00:04.029846656
